2021-12-04 23:07:04,067 - server.logger_utils - ERROR - I am in Home
2021-12-04 23:07:50,564 - ERROR - I am in Home
2021-12-04 23:16:11,949 - DEBUG - I am debug
2021-12-04 23:16:30,822 - DEBUG - I am debug
2021-12-04 23:16:44,473 - DEBUG - I am debug
2021-12-04 23:20:49,058 - DEBUG - I am debug
2021-12-04 23:20:51,450 - ERROR - I am in Home
2021-12-04 23:26:14,106 - DEBUG - I am debug
2021-12-04 23:26:27,831 - DEBUG - I am debug
2021-12-05 12:18:51,793 - DEBUG - The data is 
2021-12-05 12:20:28,294 - DEBUG - {'start_location': {'lng': -72.53289446321199, 'lat': 42.37388970802374}, 'x': 0, 'end_location': {'lng': -72.4981499681702, 'lat': 42.386986148833444}, 'min_max': 'minimize'}
2021-12-05 12:29:15,409 - DEBUG - {'start_location': {'lng': -72.53289446321199, 'lat': 42.37388970802374}, 'x': 0, 'end_location': {'lng': -72.4981499681702, 'lat': 42.386986148833444}, 'min_max': 'minimize'}
2021-12-05 15:23:45,174 - DEBUG - {'start_location': {'lng': -72.53289446321199, 'lat': 42.37388970802374}, 'x': 0, 'end_location': {'lng': -72.4981499681702, 'lat': 42.386986148833444}, 'min_max': 'min'}
2021-12-05 15:29:09,893 - DEBUG - {'start_location': {'lng': -72.53289446321199, 'lat': 42.37388970802374}, 'x': 0, 'end_location': {'lng': -72.4981499681702, 'lat': 42.386986148833444}, 'min_max': 'min'}
2021-12-05 15:32:22,474 - DEBUG - {'start_location': {'lng': -72.53289446321199, 'lat': 42.37388970802374}, 'x': 0, 'end_location': {'lng': -72.4981499681702, 'lat': 42.386986148833444}, 'min_max': 'min'}
2021-12-05 15:35:08,388 - DEBUG - {'start_location': {'lng': -72.53289446321199, 'lat': 42.37388970802374}, 'x': 0, 'end_location': {'lng': -72.4981499681702, 'lat': 42.386986148833444}, 'min_max': 'min'}
2021-12-05 15:35:09,058 - DEBUG - In generate
2021-12-05 15:40:45,355 - DEBUG - {'start_location': {'lng': -72.53289446321199, 'lat': 42.37388970802374}, 'x': 0, 'end_location': {'lng': -72.4981499681702, 'lat': 42.386986148833444}, 'min_max': 'min'}
2021-12-05 15:40:46,246 - DEBUG - In generate
2021-12-05 15:41:40,723 - DEBUG - unnamed
2021-12-05 15:44:32,392 - DEBUG - {'start_location': {'lng': -72.53289446321199, 'lat': 42.37388970802374}, 'x': 0, 'end_location': {'lng': -72.4981499681702, 'lat': 42.386986148833444}, 'min_max': 'min'}
2021-12-05 15:44:33,069 - DEBUG - In generate
2021-12-05 15:45:30,123 - DEBUG - unnamed
2021-12-05 15:52:35,249 - DEBUG - {'start_location': {'lng': -72.53289446321199, 'lat': 42.37388970802374}, 'x': 0, 'end_location': {'lng': -72.4981499681702, 'lat': 42.386986148833444}, 'min_max': 'min'}
2021-12-05 15:53:13,821 - DEBUG - {'start_location': {'lng': -72.53289446321199, 'lat': 42.37388970802374}, 'x': 0, 'end_location': {'lng': -72.4981499681702, 'lat': 42.386986148833444}, 'min_max': 'min'}
2021-12-05 15:53:15,483 - DEBUG - unnamed
2021-12-05 15:54:18,729 - DEBUG - {'start_location': {'lng': -72.53289446321199, 'lat': 42.37388970802374}, 'x': 0, 'end_location': {'lng': -72.4981499681702, 'lat': 42.386986148833444}, 'min_max': 'min'}
2021-12-05 15:54:20,352 - DEBUG - unnamed
2021-12-05 15:55:12,602 - DEBUG - {'start_location': {'lng': -72.53289446321199, 'lat': 42.37388970802374}, 'x': 0, 'end_location': {'lng': -72.4981499681702, 'lat': 42.386986148833444}, 'min_max': 'min'}
2021-12-05 15:55:14,236 - DEBUG - unnamed
2021-12-05 15:56:06,594 - DEBUG - {'start_location': {'lng': -72.53289446321199, 'lat': 42.37388970802374}, 'x': 0, 'end_location': {'lng': -72.4981499681702, 'lat': 42.386986148833444}, 'min_max': 'min'}
2021-12-05 15:56:08,208 - DEBUG - unnamed
2021-12-05 15:58:48,666 - DEBUG - {'start_location': {'lng': -72.53289446321199, 'lat': 42.37388970802374}, 'x': 0, 'end_location': {'lng': -72.4981499681702, 'lat': 42.386986148833444}, 'min_max': 'min'}
2021-12-05 15:58:50,341 - DEBUG - unnamed
2021-12-05 15:58:50,480 - DEBUG - The elevated path is <server.graph_utils.distance_calc.route_statistics object at 0x7fca9b203cd0>
2021-12-05 16:00:53,906 - DEBUG - {'start_location': {'lng': -72.53289446321199, 'lat': 42.37388970802374}, 'x': 0, 'end_location': {'lng': -72.4981499681702, 'lat': 42.386986148833444}, 'min_max': 'min'}
2021-12-05 16:00:59,005 - DEBUG - unnamed
2021-12-05 16:00:59,146 - DEBUG - The elevated path is {'end_to_end_path': [], 'total_distance': 3896.0800000000004, 'elevation_gain': 75.825, 'elevation_drop': 46.317}
2021-12-05 16:04:04,036 - DEBUG - {'start_location': {'lng': -72.53289446321199, 'lat': 42.37388970802374}, 'x': 0, 'end_location': {'lng': -72.4981499681702, 'lat': 42.386986148833444}, 'min_max': 'min'}
2021-12-05 16:04:05,674 - DEBUG - unnamed
2021-12-05 16:04:05,810 - DEBUG - The elevated path is {'end_to_end_path': [], 'total_distance': 3896.0800000000004, 'elevation_gain': 75.825, 'elevation_drop': 46.317}
2021-12-05 16:05:28,440 - DEBUG - {'start_location': {'lng': -72.53289446321199, 'lat': 42.37388970802374}, 'x': 0, 'end_location': {'lng': -72.4981499681702, 'lat': 42.386986148833444}, 'min_max': 'min'}
2021-12-05 16:05:30,167 - DEBUG - unnamed
2021-12-05 16:05:30,307 - DEBUG - The elevated path is {'end_to_end_path': [], 'total_distance': 3896.0800000000004, 'elevation_gain': 75.825, 'elevation_drop': 46.317}
2021-12-05 16:09:46,541 - DEBUG - {'start_location': {'lng': -72.53289446321199, 'lat': 42.37388970802374}, 'x': 0, 'end_location': {'lng': -72.4981499681702, 'lat': 42.386986148833444}, 'min_max': 'min'}
2021-12-05 16:09:47,795 - DEBUG - The nx graph is unnamed
2021-12-05 16:09:48,158 - DEBUG - unnamed
2021-12-05 16:09:48,298 - DEBUG - The elevated path is {'end_to_end_path': [], 'total_distance': 3896.0800000000004, 'elevation_gain': 75.825, 'elevation_drop': 46.317}
2021-12-05 16:14:07,261 - DEBUG - {'start_location': {'lng': -72.53289446321199, 'lat': 42.37388970802374}, 'x': 0, 'end_location': {'lng': -72.4981499681702, 'lat': 42.386986148833444}, 'min_max': 'min'}
2021-12-05 16:14:08,913 - DEBUG - unnamed
2021-12-05 16:15:09,955 - DEBUG - {'start_location': {'lng': -72.53289446321199, 'lat': 42.37388970802374}, 'x': 0, 'end_location': {'lng': -72.4981499681702, 'lat': 42.386986148833444}, 'min_max': 'min'}
2021-12-05 16:15:11,589 - DEBUG - unnamed
2021-12-05 16:15:11,693 - DEBUG - the begin node is 66700325
2021-12-05 16:15:11,709 - DEBUG - the end node is 66624533
2021-12-05 16:15:11,727 - DEBUG - the shortest route is [66700325, 66729360, 66623366, 7153328020, 66774321, 66738098, 66683824, 6304679900, 66634064, 7165357415, 7138420413, 7138420410, 66763037, 6302553039, 66768169, 4919132547, 6302553041, 4919132552, 4297005228, 6302552873, 6302552834, 66613374, 66618152, 6302552829, 66636622, 4297005227, 6346197699, 66693525, 4742285469, 6312825836, 4742285279, 66655409, 66710439, 66608710, 6299585730, 66640083, 66729950, 6302552791, 6630477530, 66611502, 6353545855, 6353545845, 66695050, 66761670, 66590882, 66600654, 6346245905, 1614310665, 66680199, 6305198753, 66705557, 7144649875, 66746176, 66697613, 6346245941, 6868845076, 6346245945, 6346245946, 6346245958, 66609853, 7148088016, 66591107, 66712084, 66643213, 5270626795, 7139398323, 7298558500, 66747018, 7139405745, 66624533]
2021-12-05 16:15:11,728 - DEBUG - The elevated path is {'end_to_end_path': [], 'total_distance': 3896.0800000000004, 'elevation_gain': 75.825, 'elevation_drop': 46.317}
2021-12-05 16:16:46,195 - DEBUG - {'start_location': {'lng': -72.53289446321199, 'lat': 42.37388970802374}, 'x': 0, 'end_location': {'lng': -72.4981499681702, 'lat': 42.386986148833444}, 'min_max': 'min'}
2021-12-05 16:16:47,826 - DEBUG - unnamed
2021-12-05 16:16:47,930 - DEBUG - the begin node is 66700325
2021-12-05 16:16:47,946 - DEBUG - the end node is 66624533
2021-12-05 16:16:47,964 - DEBUG - the shortest route is [66700325, 66729360, 66623366, 7153328020, 66774321, 66738098, 66683824, 6304679900, 66634064, 7165357415, 7138420413, 7138420410, 66763037, 6302553039, 66768169, 4919132547, 6302553041, 4919132552, 4297005228, 6302552873, 6302552834, 66613374, 66618152, 6302552829, 66636622, 4297005227, 6346197699, 66693525, 4742285469, 6312825836, 4742285279, 66655409, 66710439, 66608710, 6299585730, 66640083, 66729950, 6302552791, 6630477530, 66611502, 6353545855, 6353545845, 66695050, 66761670, 66590882, 66600654, 6346245905, 1614310665, 66680199, 6305198753, 66705557, 7144649875, 66746176, 66697613, 6346245941, 6868845076, 6346245945, 6346245946, 6346245958, 66609853, 7148088016, 66591107, 66712084, 66643213, 5270626795, 7139398323, 7298558500, 66747018, 7139405745, 66624533]
2021-12-05 16:16:47,965 - DEBUG - The elevated path is {'end_to_end_path': [], 'total_distance': 3896.0800000000004, 'elevation_gain': 75.825, 'elevation_drop': 46.317}
2021-12-05 16:18:50,959 - DEBUG - {'start_location': {'lng': -72.53289446321199, 'lat': 42.37388970802374}, 'x': 0, 'end_location': {'lng': -72.4981499681702, 'lat': 42.386986148833444}, 'min_max': 'min'}
2021-12-05 16:18:52,593 - DEBUG - unnamed
2021-12-05 16:18:52,701 - DEBUG - the begin node is 66700325
2021-12-05 16:18:52,717 - DEBUG - the end node is 66624533
2021-12-05 16:18:52,736 - DEBUG - the shortest route is [66700325, 66729360, 66623366, 7153328020, 66774321, 66738098, 66683824, 6304679900, 66634064, 7165357415, 7138420413, 7138420410, 66763037, 6302553039, 66768169, 4919132547, 6302553041, 4919132552, 4297005228, 6302552873, 6302552834, 66613374, 66618152, 6302552829, 66636622, 4297005227, 6346197699, 66693525, 4742285469, 6312825836, 4742285279, 66655409, 66710439, 66608710, 6299585730, 66640083, 66729950, 6302552791, 6630477530, 66611502, 6353545855, 6353545845, 66695050, 66761670, 66590882, 66600654, 6346245905, 1614310665, 66680199, 6305198753, 66705557, 7144649875, 66746176, 66697613, 6346245941, 6868845076, 6346245945, 6346245946, 6346245958, 66609853, 7148088016, 66591107, 66712084, 66643213, 5270626795, 7139398323, 7298558500, 66747018, 7139405745, 66624533]
2021-12-05 16:18:52,737 - DEBUG - The elevated path is {'end_to_end_path': [[-72.5328282, 42.3738245], [-72.531466, 42.374008], [-72.530624, 42.374124], [-72.5293448, 42.37431], [-72.5289567, 42.3743664], [-72.527458, 42.374641], [-72.525875, 42.3750828], [-72.5241293, 42.375587], [-72.5240445, 42.3756115], [-72.5229257, 42.3757769], [-72.5222831, 42.3758025], [-72.5221964, 42.3758029], [-72.5215644, 42.3758061], [-72.521502, 42.375808], [-72.5214026, 42.375811], [-72.5209022, 42.3758173], [-72.5208394, 42.3758181], [-72.5206983, 42.3758199], [-72.5205447, 42.3758219], [-72.5204024, 42.3758238], [-72.5200401, 42.3758285], [-72.5198495, 42.375831], [-72.51983, 42.3756519], [-72.519677, 42.375652], [-72.519, 42.3757038], [-72.5189108, 42.3757253], [-72.5185973, 42.3757481], [-72.5183056, 42.3757673], [-72.5181194, 42.3757671], [-72.5176166, 42.3757862], [-72.5169498, 42.3758178], [-72.5168714, 42.3758214], [-72.515757, 42.3758605], [-72.515031, 42.375884], [-72.5147394, 42.3758942], [-72.5132, 42.375914], [-72.512862, 42.375906], [-72.5128227, 42.3759049], [-72.5122692, 42.3758901], [-72.511444, 42.375868], [-72.5108394, 42.3758438], [-72.5107469, 42.3758401], [-72.510099, 42.375818], [-72.509776, 42.375805], [-72.508494, 42.375767], [-72.50699, 42.37572], [-72.5069299, 42.3757188], [-72.5068054, 42.3757172], [-72.5063624, 42.3757117], [-72.5055643, 42.375689], [-72.5050498, 42.3756788], [-72.5049662, 42.3756792], [-72.5048032, 42.3756848], [-72.5038996, 42.3757984], [-72.5038893, 42.3758659], [-72.5021735, 42.376116], [-72.5006435, 42.3765035], [-72.5006064, 42.3765608], [-72.5005128, 42.376587], [-72.5004097, 42.377161], [-72.5001795, 42.3777565], [-72.500027, 42.378151], [-72.4997543, 42.379408], [-72.4994057, 42.3814634], [-72.4993214, 42.3819666], [-72.4992506, 42.3823849], [-72.4990622, 42.3834975], [-72.498651, 42.385308], [-72.4982091, 42.3867098], [-72.498145, 42.386913]], 'total_distance': 3896.0800000000004, 'elevation_gain': 75.825, 'elevation_drop': 46.317}
2021-12-05 16:19:25,228 - DEBUG - {'start_location': {'lng': -72.53289446321199, 'lat': 42.37388970802374}, 'x': 10, 'end_location': {'lng': -72.4981499681702, 'lat': 42.386986148833444}, 'min_max': 'min'}
2021-12-05 16:19:25,944 - DEBUG - the begin node is 66700325
2021-12-05 16:19:25,972 - DEBUG - the end node is 66624533
2021-12-05 16:19:25,995 - DEBUG - the shortest route is [66700325, 66729360, 66623366, 7153328020, 66774321, 66738098, 66683824, 6304679900, 66634064, 7165357415, 7138420413, 7138420410, 66763037, 6302553039, 66768169, 4919132547, 6302553041, 4919132552, 4297005228, 6302552873, 6302552834, 66613374, 66618152, 6302552829, 66636622, 4297005227, 6346197699, 66693525, 4742285469, 6312825836, 4742285279, 66655409, 66710439, 66608710, 6299585730, 66640083, 66729950, 6302552791, 6630477530, 66611502, 6353545855, 6353545845, 66695050, 66761670, 66590882, 66600654, 6346245905, 1614310665, 66680199, 6305198753, 66705557, 7144649875, 66746176, 66697613, 6346245941, 6868845076, 6346245945, 6346245946, 6346245958, 66609853, 7148088016, 66591107, 66712084, 66643213, 5270626795, 7139398323, 7298558500, 66747018, 7139405745, 66624533]
2021-12-05 16:24:37,475 - DEBUG - {'start_location': {'lng': -72.53289446321199, 'lat': 42.37388970802374}, 'x': 10, 'end_location': {'lng': -72.4981499681702, 'lat': 42.386986148833444}, 'min_max': 'min'}
2021-12-05 16:24:39,129 - DEBUG - unnamed
2021-12-05 16:24:39,237 - DEBUG - the begin node is 66700325
2021-12-05 16:24:39,253 - DEBUG - the end node is 66624533
2021-12-05 16:24:39,272 - DEBUG - the shortest route is [66700325, 66729360, 66623366, 7153328020, 66774321, 66738098, 66683824, 6304679900, 66634064, 7165357415, 7138420413, 7138420410, 66763037, 6302553039, 66768169, 4919132547, 6302553041, 4919132552, 4297005228, 6302552873, 6302552834, 66613374, 66618152, 6302552829, 66636622, 4297005227, 6346197699, 66693525, 4742285469, 6312825836, 4742285279, 66655409, 66710439, 66608710, 6299585730, 66640083, 66729950, 6302552791, 6630477530, 66611502, 6353545855, 6353545845, 66695050, 66761670, 66590882, 66600654, 6346245905, 1614310665, 66680199, 6305198753, 66705557, 7144649875, 66746176, 66697613, 6346245941, 6868845076, 6346245945, 6346245946, 6346245958, 66609853, 7148088016, 66591107, 66712084, 66643213, 5270626795, 7139398323, 7298558500, 66747018, 7139405745, 66624533]
2021-12-05 16:28:10,510 - DEBUG - {'start_location': {'lng': -72.53289446321199, 'lat': 42.37388970802374}, 'x': 10, 'end_location': {'lng': -72.4981499681702, 'lat': 42.386986148833444}, 'min_max': 'min'}
2021-12-05 16:28:12,195 - DEBUG - unnamed
2021-12-05 16:28:12,299 - DEBUG - the begin node is 66700325
2021-12-05 16:28:12,314 - DEBUG - the end node is 66624533
2021-12-05 16:28:12,334 - DEBUG - the shortest route is [66700325, 66729360, 66623366, 7153328020, 66774321, 66738098, 66683824, 6304679900, 66634064, 7165357415, 7138420413, 7138420410, 66763037, 6302553039, 66768169, 4919132547, 6302553041, 4919132552, 4297005228, 6302552873, 6302552834, 66613374, 66618152, 6302552829, 66636622, 4297005227, 6346197699, 66693525, 4742285469, 6312825836, 4742285279, 66655409, 66710439, 66608710, 6299585730, 66640083, 66729950, 6302552791, 6630477530, 66611502, 6353545855, 6353545845, 66695050, 66761670, 66590882, 66600654, 6346245905, 1614310665, 66680199, 6305198753, 66705557, 7144649875, 66746176, 66697613, 6346245941, 6868845076, 6346245945, 6346245946, 6346245958, 66609853, 7148088016, 66591107, 66712084, 66643213, 5270626795, 7139398323, 7298558500, 66747018, 7139405745, 66624533]
2021-12-05 16:29:02,186 - DEBUG - {'start_location': {'lng': -72.53289446321199, 'lat': 42.37388970802374}, 'x': 10, 'end_location': {'lng': -72.4981499681702, 'lat': 42.386986148833444}, 'min_max': 'min'}
2021-12-05 16:29:03,815 - DEBUG - unnamed
2021-12-05 16:29:03,924 - DEBUG - the begin node is 66700325
2021-12-05 16:29:03,941 - DEBUG - the end node is 66624533
2021-12-05 16:29:03,960 - DEBUG - the shortest route is [66700325, 66729360, 66623366, 7153328020, 66774321, 66738098, 66683824, 6304679900, 66634064, 7165357415, 7138420413, 7138420410, 66763037, 6302553039, 66768169, 4919132547, 6302553041, 4919132552, 4297005228, 6302552873, 6302552834, 66613374, 66618152, 6302552829, 66636622, 4297005227, 6346197699, 66693525, 4742285469, 6312825836, 4742285279, 66655409, 66710439, 66608710, 6299585730, 66640083, 66729950, 6302552791, 6630477530, 66611502, 6353545855, 6353545845, 66695050, 66761670, 66590882, 66600654, 6346245905, 1614310665, 66680199, 6305198753, 66705557, 7144649875, 66746176, 66697613, 6346245941, 6868845076, 6346245945, 6346245946, 6346245958, 66609853, 7148088016, 66591107, 66712084, 66643213, 5270626795, 7139398323, 7298558500, 66747018, 7139405745, 66624533]
2021-12-05 16:29:03,961 - DEBUG - The node is None
2021-12-05 16:31:11,417 - DEBUG - {'start_location': {'lng': -72.53289446321199, 'lat': 42.37388970802374}, 'x': 10, 'end_location': {'lng': -72.4981499681702, 'lat': 42.386986148833444}, 'min_max': 'min'}
2021-12-05 16:31:13,050 - DEBUG - unnamed
2021-12-05 16:31:13,155 - DEBUG - the begin node is 66700325
2021-12-05 16:31:13,172 - DEBUG - the end node is 66624533
2021-12-05 16:31:13,192 - DEBUG - the shortest route is [66700325, 66729360, 66623366, 7153328020, 66774321, 66738098, 66683824, 6304679900, 66634064, 7165357415, 7138420413, 7138420410, 66763037, 6302553039, 66768169, 4919132547, 6302553041, 4919132552, 4297005228, 6302552873, 6302552834, 66613374, 66618152, 6302552829, 66636622, 4297005227, 6346197699, 66693525, 4742285469, 6312825836, 4742285279, 66655409, 66710439, 66608710, 6299585730, 66640083, 66729950, 6302552791, 6630477530, 66611502, 6353545855, 6353545845, 66695050, 66761670, 66590882, 66600654, 6346245905, 1614310665, 66680199, 6305198753, 66705557, 7144649875, 66746176, 66697613, 6346245941, 6868845076, 6346245945, 6346245946, 6346245958, 66609853, 7148088016, 66591107, 66712084, 66643213, 5270626795, 7139398323, 7298558500, 66747018, 7139405745, 66624533]
2021-12-05 16:31:13,192 - DEBUG - The node is 66700325
2021-12-05 16:32:55,948 - DEBUG - {'start_location': {'lng': -72.53289446321199, 'lat': 42.37388970802374}, 'x': 10, 'end_location': {'lng': -72.4981499681702, 'lat': 42.386986148833444}, 'min_max': 'min'}
2021-12-05 16:32:57,616 - DEBUG - unnamed
2021-12-05 16:32:57,720 - DEBUG - the begin node is 66700325
2021-12-05 16:32:57,736 - DEBUG - the end node is 66624533
2021-12-05 16:32:57,754 - DEBUG - the shortest route is [66700325, 66729360, 66623366, 7153328020, 66774321, 66738098, 66683824, 6304679900, 66634064, 7165357415, 7138420413, 7138420410, 66763037, 6302553039, 66768169, 4919132547, 6302553041, 4919132552, 4297005228, 6302552873, 6302552834, 66613374, 66618152, 6302552829, 66636622, 4297005227, 6346197699, 66693525, 4742285469, 6312825836, 4742285279, 66655409, 66710439, 66608710, 6299585730, 66640083, 66729950, 6302552791, 6630477530, 66611502, 6353545855, 6353545845, 66695050, 66761670, 66590882, 66600654, 6346245905, 1614310665, 66680199, 6305198753, 66705557, 7144649875, 66746176, 66697613, 6346245941, 6868845076, 6346245945, 6346245946, 6346245958, 66609853, 7148088016, 66591107, 66712084, 66643213, 5270626795, 7139398323, 7298558500, 66747018, 7139405745, 66624533]
2021-12-05 16:32:57,755 - DEBUG - The node is 66700325
2021-12-05 16:34:23,832 - DEBUG - {'start_location': {'lng': -72.53289446321199, 'lat': 42.37388970802374}, 'x': 10, 'end_location': {'lng': -72.4981499681702, 'lat': 42.386986148833444}, 'min_max': 'min'}
2021-12-05 16:34:25,493 - DEBUG - unnamed
2021-12-05 16:34:25,598 - DEBUG - the begin node is 66700325
2021-12-05 16:34:25,614 - DEBUG - the end node is 66624533
2021-12-05 16:34:25,632 - DEBUG - the shortest route is [66700325, 66729360, 66623366, 7153328020, 66774321, 66738098, 66683824, 6304679900, 66634064, 7165357415, 7138420413, 7138420410, 66763037, 6302553039, 66768169, 4919132547, 6302553041, 4919132552, 4297005228, 6302552873, 6302552834, 66613374, 66618152, 6302552829, 66636622, 4297005227, 6346197699, 66693525, 4742285469, 6312825836, 4742285279, 66655409, 66710439, 66608710, 6299585730, 66640083, 66729950, 6302552791, 6630477530, 66611502, 6353545855, 6353545845, 66695050, 66761670, 66590882, 66600654, 6346245905, 1614310665, 66680199, 6305198753, 66705557, 7144649875, 66746176, 66697613, 6346245941, 6868845076, 6346245945, 6346245946, 6346245958, 66609853, 7148088016, 66591107, 66712084, 66643213, 5270626795, 7139398323, 7298558500, 66747018, 7139405745, 66624533]
2021-12-05 16:34:25,632 - DEBUG - The node is 66700325
2021-12-05 16:34:25,642 - DEBUG - In shortest path
2021-12-05 16:34:25,642 - DEBUG - []
2021-12-05 16:34:57,496 - DEBUG - {'start_location': {'lng': -72.53289446321199, 'lat': 42.37388970802374}, 'x': 10, 'end_location': {'lng': -72.4981499681702, 'lat': 42.386986148833444}, 'min_max': 'min'}
2021-12-05 16:34:59,124 - DEBUG - unnamed
2021-12-05 16:34:59,228 - DEBUG - the begin node is 66700325
2021-12-05 16:34:59,243 - DEBUG - the end node is 66624533
2021-12-05 16:34:59,262 - DEBUG - the shortest route is [66700325, 66729360, 66623366, 7153328020, 66774321, 66738098, 66683824, 6304679900, 66634064, 7165357415, 7138420413, 7138420410, 66763037, 6302553039, 66768169, 4919132547, 6302553041, 4919132552, 4297005228, 6302552873, 6302552834, 66613374, 66618152, 6302552829, 66636622, 4297005227, 6346197699, 66693525, 4742285469, 6312825836, 4742285279, 66655409, 66710439, 66608710, 6299585730, 66640083, 66729950, 6302552791, 6630477530, 66611502, 6353545855, 6353545845, 66695050, 66761670, 66590882, 66600654, 6346245905, 1614310665, 66680199, 6305198753, 66705557, 7144649875, 66746176, 66697613, 6346245941, 6868845076, 6346245945, 6346245946, 6346245958, 66609853, 7148088016, 66591107, 66712084, 66643213, 5270626795, 7139398323, 7298558500, 66747018, 7139405745, 66624533]
2021-12-05 16:34:59,262 - DEBUG - The node is 66700325
2021-12-05 16:34:59,272 - DEBUG - In shortest path
2021-12-05 16:34:59,272 - DEBUG - []
2021-12-05 16:34:59,272 - DEBUG - The elevated path is {'end_to_end_path': [], 'total_distance': 0.0, 'elevation_gain': -inf, 'elevation_drop': inf}
2021-12-05 16:41:03,843 - DEBUG - {'start_location': {'lng': -72.54084914294442, 'lat': 42.38432751710755}, 'x': 10, 'end_location': {'lng': -72.53115027514602, 'lat': 42.38511998659308}, 'min_max': 'min'}
2021-12-05 16:41:05,489 - DEBUG - unnamed
2021-12-05 16:41:05,595 - DEBUG - the begin node is 61791311
2021-12-05 16:41:05,611 - DEBUG - the end node is 66655642
2021-12-05 16:41:05,611 - DEBUG - the shortest route is [61791311, 61797438, 61790472, 61793182, 66710693, 66701422, 66655642]
2021-12-05 16:41:05,612 - DEBUG - The node is 61791311
2021-12-05 16:41:05,621 - DEBUG - In shortest path
2021-12-05 16:41:05,621 - DEBUG - []
2021-12-05 16:41:05,621 - DEBUG - The elevated path is {'end_to_end_path': [], 'total_distance': 0.0, 'elevation_gain': -inf, 'elevation_drop': inf}
2021-12-05 16:45:43,060 - DEBUG - {'start_location': {'lng': -72.54084914294442, 'lat': 42.38432751710755}, 'x': 10, 'end_location': {'lng': -72.53115027514602, 'lat': 42.38511998659308}, 'min_max': 'min'}
2021-12-05 16:45:44,715 - DEBUG - unnamed
2021-12-05 16:45:44,820 - DEBUG - the begin node is 61791311
2021-12-05 16:45:44,835 - DEBUG - the end node is 66655642
2021-12-05 16:45:44,836 - DEBUG - the shortest route is [61791311, 61797438, 61790472, 61793182, 66710693, 66701422, 66655642]
2021-12-05 16:45:44,836 - DEBUG - The node is 61791311
2021-12-05 16:45:44,845 - DEBUG - In shortest path
2021-12-05 16:45:44,845 - DEBUG - []
2021-12-05 16:45:44,845 - DEBUG - shortest path <server.graph_utils.distance_calc.route_statistics object at 0x7fcd8374bd60>, elevated_path <server.graph_utils.distance_calc.route_statistics object at 0x7fcd8374bee0>
2021-12-05 16:45:44,845 - DEBUG - The elevated path is {'end_to_end_path': [], 'total_distance': 0.0, 'elevation_gain': -inf, 'elevation_drop': inf}
2021-12-05 16:46:17,940 - DEBUG - {'start_location': {'lng': -72.54084914294442, 'lat': 42.38432751710755}, 'x': 10, 'end_location': {'lng': -72.53115027514602, 'lat': 42.38511998659308}, 'min_max': 'min'}
2021-12-05 16:46:19,574 - DEBUG - unnamed
2021-12-05 16:46:19,678 - DEBUG - the begin node is 61791311
2021-12-05 16:46:19,694 - DEBUG - the end node is 66655642
2021-12-05 16:46:19,695 - DEBUG - the shortest route is [61791311, 61797438, 61790472, 61793182, 66710693, 66701422, 66655642]
2021-12-05 16:46:19,695 - DEBUG - The node is 61791311
2021-12-05 16:46:19,705 - DEBUG - In shortest path
2021-12-05 16:46:19,705 - DEBUG - []
2021-12-05 16:46:19,705 - DEBUG - shortest path {'end_to_end_path': [[-72.53706, 42.385506], [-72.536353, 42.385637], [-72.535916, 42.384037], [-72.533451, 42.3845479], [-72.5326164, 42.3847498], [-72.53249, 42.384784], [-72.531276, 42.385039]], 'total_distance': 641.9440000000001, 'elevation_gain': 8.823, 'elevation_drop': 0.2820000000000036}, elevated_path {'end_to_end_path': [], 'total_distance': 0.0, 'elevation_gain': -inf, 'elevation_drop': inf}
2021-12-05 16:46:19,705 - DEBUG - The elevated path is {'end_to_end_path': [], 'total_distance': 0.0, 'elevation_gain': -inf, 'elevation_drop': inf}
2021-12-05 16:51:02,264 - DEBUG - {'start_location': {'lng': -72.54084914294442, 'lat': 42.38432751710755}, 'x': 10, 'end_location': {'lng': -72.53115027514602, 'lat': 42.38511998659308}, 'min_max': 'min'}
2021-12-05 16:51:03,973 - DEBUG - unnamed
2021-12-05 16:51:04,074 - DEBUG - the begin node is 61791311
2021-12-05 16:51:04,090 - DEBUG - the end node is 66655642
2021-12-05 16:51:04,090 - DEBUG - the shortest route is [61791311, 61797438, 61790472, 61793182, 66710693, 66701422, 66655642]
2021-12-05 16:51:04,090 - DEBUG - The node is 61791311
2021-12-05 16:51:04,090 - DEBUG - the dijkstra route is <server.graph_utils.distance_calc.route_statistics object at 0x7fb3d895cfa0>
2021-12-05 16:51:04,099 - DEBUG - the a star route is <server.graph_utils.distance_calc.route_statistics object at 0x7fb3d895cfa0>
2021-12-05 16:51:04,099 - DEBUG - In shortest path
2021-12-05 16:51:04,099 - DEBUG - []
2021-12-05 16:51:04,099 - DEBUG - shortest path {'end_to_end_path': [[-72.53706, 42.385506], [-72.536353, 42.385637], [-72.535916, 42.384037], [-72.533451, 42.3845479], [-72.5326164, 42.3847498], [-72.53249, 42.384784], [-72.531276, 42.385039]], 'total_distance': 641.9440000000001, 'elevation_gain': 8.823, 'elevation_drop': 0.2820000000000036}, elevated_path {'end_to_end_path': [], 'total_distance': 0.0, 'elevation_gain': -inf, 'elevation_drop': inf}
2021-12-05 16:51:04,099 - DEBUG - The elevated path is {'end_to_end_path': [], 'total_distance': 0.0, 'elevation_gain': -inf, 'elevation_drop': inf}
2021-12-05 16:51:24,093 - DEBUG - {'start_location': {'lng': -72.54084914294442, 'lat': 42.38432751710755}, 'x': 10, 'end_location': {'lng': -72.53115027514602, 'lat': 42.38511998659308}, 'min_max': 'min'}
2021-12-05 16:51:25,808 - DEBUG - unnamed
2021-12-05 16:51:25,913 - DEBUG - the begin node is 61791311
2021-12-05 16:51:25,932 - DEBUG - the end node is 66655642
2021-12-05 16:51:25,932 - DEBUG - the shortest route is [61791311, 61797438, 61790472, 61793182, 66710693, 66701422, 66655642]
2021-12-05 16:51:25,932 - DEBUG - The node is 61791311
2021-12-05 16:51:25,933 - DEBUG - the dijkstra route is {'end_to_end_path': [], 'total_distance': 0.0, 'elevation_gain': -inf, 'elevation_drop': inf}
2021-12-05 16:51:25,942 - DEBUG - the a star route is {'end_to_end_path': [], 'total_distance': 0.0, 'elevation_gain': -inf, 'elevation_drop': inf}
2021-12-05 16:51:25,942 - DEBUG - In shortest path
2021-12-05 16:51:25,942 - DEBUG - []
2021-12-05 16:51:25,942 - DEBUG - shortest path {'end_to_end_path': [[-72.53706, 42.385506], [-72.536353, 42.385637], [-72.535916, 42.384037], [-72.533451, 42.3845479], [-72.5326164, 42.3847498], [-72.53249, 42.384784], [-72.531276, 42.385039]], 'total_distance': 641.9440000000001, 'elevation_gain': 8.823, 'elevation_drop': 0.2820000000000036}, elevated_path {'end_to_end_path': [], 'total_distance': 0.0, 'elevation_gain': -inf, 'elevation_drop': inf}
2021-12-05 16:51:25,942 - DEBUG - The elevated path is {'end_to_end_path': [], 'total_distance': 0.0, 'elevation_gain': -inf, 'elevation_drop': inf}
2021-12-05 16:54:03,692 - DEBUG - {'start_location': {'lng': -72.54084914294442, 'lat': 42.38432751710755}, 'x': 10, 'end_location': {'lng': -72.53115027514602, 'lat': 42.38511998659308}, 'min_max': 'min'}
2021-12-05 16:54:05,396 - DEBUG - unnamed
2021-12-05 16:54:05,500 - DEBUG - the begin node is 61791311
2021-12-05 16:54:05,516 - DEBUG - the end node is 66655642
2021-12-05 16:54:05,516 - DEBUG - the shortest route is [61791311, 61797438, 61790472, 61793182, 66710693, 66701422, 66655642]
2021-12-05 16:54:05,517 - DEBUG - the current node is <server.graph_utils.distance_calc.graph_node object at 0x7f80889b4d90>
2021-12-05 16:54:05,517 - DEBUG - The node is 61791311
2021-12-05 16:54:05,517 - DEBUG - the dijkstra route is {'end_to_end_path': [], 'total_distance': 0.0, 'elevation_gain': -inf, 'elevation_drop': inf}
2021-12-05 16:54:05,526 - DEBUG - the a star route is {'end_to_end_path': [], 'total_distance': 0.0, 'elevation_gain': -inf, 'elevation_drop': inf}
2021-12-05 16:54:05,527 - DEBUG - In shortest path
2021-12-05 16:54:05,527 - DEBUG - []
2021-12-05 16:54:05,527 - DEBUG - shortest path {'end_to_end_path': [[-72.53706, 42.385506], [-72.536353, 42.385637], [-72.535916, 42.384037], [-72.533451, 42.3845479], [-72.5326164, 42.3847498], [-72.53249, 42.384784], [-72.531276, 42.385039]], 'total_distance': 641.9440000000001, 'elevation_gain': 8.823, 'elevation_drop': 0.2820000000000036}, elevated_path {'end_to_end_path': [], 'total_distance': 0.0, 'elevation_gain': -inf, 'elevation_drop': inf}
2021-12-05 16:54:05,527 - DEBUG - The elevated path is {'end_to_end_path': [], 'total_distance': 0.0, 'elevation_gain': -inf, 'elevation_drop': inf}
2021-12-05 16:56:01,734 - DEBUG - {'start_location': {'lng': -72.54084914294442, 'lat': 42.38432751710755}, 'x': 10, 'end_location': {'lng': -72.53115027514602, 'lat': 42.38511998659308}, 'min_max': 'min'}
2021-12-05 16:56:03,378 - DEBUG - unnamed
2021-12-05 16:56:03,481 - DEBUG - the begin node is 61791311
2021-12-05 16:56:03,497 - DEBUG - the end node is 66655642
2021-12-05 16:56:03,498 - DEBUG - the shortest route is [61791311, 61797438, 61790472, 61793182, 66710693, 66701422, 66655642]
2021-12-05 16:56:03,498 - DEBUG - the current node is {'distance': 0.0, 'priority': 0.0, 'node': 61791311}
2021-12-05 16:56:03,498 - DEBUG - The node is 61791311
2021-12-05 16:56:03,498 - DEBUG - the distance is 0.0
2021-12-05 16:56:03,498 - DEBUG - the dijkstra route is {'end_to_end_path': [], 'total_distance': 0.0, 'elevation_gain': -inf, 'elevation_drop': inf}
2021-12-05 16:56:03,507 - DEBUG - the a star route is {'end_to_end_path': [], 'total_distance': 0.0, 'elevation_gain': -inf, 'elevation_drop': inf}
2021-12-05 16:56:03,508 - DEBUG - In shortest path
2021-12-05 16:56:03,508 - DEBUG - []
2021-12-05 16:56:03,508 - DEBUG - shortest path {'end_to_end_path': [[-72.53706, 42.385506], [-72.536353, 42.385637], [-72.535916, 42.384037], [-72.533451, 42.3845479], [-72.5326164, 42.3847498], [-72.53249, 42.384784], [-72.531276, 42.385039]], 'total_distance': 641.9440000000001, 'elevation_gain': 8.823, 'elevation_drop': 0.2820000000000036}, elevated_path {'end_to_end_path': [], 'total_distance': 0.0, 'elevation_gain': -inf, 'elevation_drop': inf}
2021-12-05 16:56:03,508 - DEBUG - The elevated path is {'end_to_end_path': [], 'total_distance': 0.0, 'elevation_gain': -inf, 'elevation_drop': inf}
2021-12-05 16:58:24,560 - DEBUG - {'start_location': {'lng': -72.54084914294442, 'lat': 42.38432751710755}, 'x': 10, 'end_location': {'lng': -72.53115027514602, 'lat': 42.38511998659308}, 'min_max': 'min'}
2021-12-05 16:58:26,308 - DEBUG - unnamed
2021-12-05 16:58:26,414 - DEBUG - the begin node is 61791311
2021-12-05 16:58:26,430 - DEBUG - the end node is 66655642
2021-12-05 16:58:26,430 - DEBUG - the shortest route is [61791311, 61797438, 61790472, 61793182, 66710693, 66701422, 66655642]
2021-12-05 16:58:26,430 - DEBUG - the current node is {'distance': 0.0, 'priority': 0.0, 'node': 61791311}
2021-12-05 16:58:26,430 - DEBUG - The node is 61791311
2021-12-05 16:58:26,430 - DEBUG - the distance is 0.0
2021-12-05 16:58:26,430 - DEBUG - the dijkstra route is {'end_to_end_path': [], 'total_distance': 0.0, 'elevation_gain': -inf, 'elevation_drop': inf}
2021-12-05 16:58:26,440 - DEBUG - the a star route is {'end_to_end_path': [], 'total_distance': 0.0, 'elevation_gain': -inf, 'elevation_drop': inf}
2021-12-05 16:58:26,440 - DEBUG - In shortest path
2021-12-05 16:58:26,440 - DEBUG - []
2021-12-05 16:58:26,440 - DEBUG - shortest path {'end_to_end_path': [[-72.53706, 42.385506], [-72.536353, 42.385637], [-72.535916, 42.384037], [-72.533451, 42.3845479], [-72.5326164, 42.3847498], [-72.53249, 42.384784], [-72.531276, 42.385039]], 'total_distance': 641.9440000000001, 'elevation_gain': 8.823, 'elevation_drop': 0.2820000000000036}, elevated_path {'end_to_end_path': [], 'total_distance': 0.0, 'elevation_gain': -inf, 'elevation_drop': inf}
2021-12-05 16:58:26,440 - DEBUG - The elevated path is {'end_to_end_path': [], 'total_distance': 0.0, 'elevation_gain': -inf, 'elevation_drop': inf}
2021-12-05 17:09:31,565 - DEBUG - {'start_location': {'lng': -72.54084914294442, 'lat': 42.38432751710755}, 'x': 10, 'end_location': {'lng': -72.53115027514602, 'lat': 42.38511998659308}, 'min_max': 'min'}
2021-12-05 17:09:33,714 - DEBUG - unnamed
2021-12-05 17:09:33,818 - DEBUG - the begin node is 61791311
2021-12-05 17:09:33,833 - DEBUG - the end node is 66655642
2021-12-05 17:09:33,834 - DEBUG - the shortest route is [61791311, 61797438, 61790472, 61793182, 66710693, 66701422, 66655642]
2021-12-05 17:09:33,834 - DEBUG - the current node is {'distance': 0.0, 'priority': 0.0, 'node': 61791311}
2021-12-05 17:09:33,834 - DEBUG - The node is 61791311
2021-12-05 17:09:33,834 - DEBUG - the distance is 0.0
2021-12-05 17:09:33,834 - DEBUG - the dijkstra route is {'end_to_end_path': [], 'total_distance': 0.0, 'elevation_gain': -inf, 'elevation_drop': inf}
2021-12-05 17:09:33,843 - DEBUG - the a star route is {'end_to_end_path': [], 'total_distance': 0.0, 'elevation_gain': -inf, 'elevation_drop': inf}
2021-12-05 17:09:33,843 - DEBUG - In shortest path
2021-12-05 17:09:33,843 - DEBUG - []
2021-12-05 17:09:33,843 - DEBUG - shortest path {'end_to_end_path': [[-72.53706, 42.385506], [-72.536353, 42.385637], [-72.535916, 42.384037], [-72.533451, 42.3845479], [-72.5326164, 42.3847498], [-72.53249, 42.384784], [-72.531276, 42.385039]], 'total_distance': 641.9440000000001, 'elevation_gain': 8.823, 'elevation_drop': 0.2820000000000036}, elevated_path {'end_to_end_path': [], 'total_distance': 0.0, 'elevation_gain': -inf, 'elevation_drop': inf}
2021-12-05 17:09:33,844 - DEBUG - The elevated path is {'end_to_end_path': [], 'total_distance': 0.0, 'elevation_gain': -inf, 'elevation_drop': inf}
2021-12-05 17:10:59,834 - DEBUG - {'start_location': {'lng': -72.54084914294442, 'lat': 42.38432751710755}, 'x': 10, 'end_location': {'lng': -72.53115027514602, 'lat': 42.38511998659308}, 'min_max': 'min'}
2021-12-05 17:11:01,561 - DEBUG - unnamed
2021-12-05 17:11:01,666 - DEBUG - the begin node is 61791311
2021-12-05 17:11:01,682 - DEBUG - the end node is 66655642
2021-12-05 17:11:01,682 - DEBUG - the shortest route is [61791311, 61797438, 61790472, 61793182, 66710693, 66701422, 66655642]
2021-12-05 17:11:01,682 - DEBUG - the current node is {'distance': 0.0, 'priority': 0.0, 'node': 61791311}
2021-12-05 17:11:01,682 - DEBUG - The node is 61791311
2021-12-05 17:11:01,682 - DEBUG - the nighbor is 61800557
2021-12-05 17:11:01,682 - DEBUG - the nighbor is 61797438
2021-12-05 17:11:01,682 - DEBUG - the distance is 0.0
2021-12-05 17:11:01,683 - DEBUG - the dijkstra route is {'end_to_end_path': [], 'total_distance': 0.0, 'elevation_gain': -inf, 'elevation_drop': inf}
2021-12-05 17:11:01,692 - DEBUG - the a star route is {'end_to_end_path': [], 'total_distance': 0.0, 'elevation_gain': -inf, 'elevation_drop': inf}
2021-12-05 17:11:01,692 - DEBUG - In shortest path
2021-12-05 17:11:01,692 - DEBUG - []
2021-12-05 17:11:01,692 - DEBUG - shortest path {'end_to_end_path': [[-72.53706, 42.385506], [-72.536353, 42.385637], [-72.535916, 42.384037], [-72.533451, 42.3845479], [-72.5326164, 42.3847498], [-72.53249, 42.384784], [-72.531276, 42.385039]], 'total_distance': 641.9440000000001, 'elevation_gain': 8.823, 'elevation_drop': 0.2820000000000036}, elevated_path {'end_to_end_path': [], 'total_distance': 0.0, 'elevation_gain': -inf, 'elevation_drop': inf}
2021-12-05 17:11:01,692 - DEBUG - The elevated path is {'end_to_end_path': [], 'total_distance': 0.0, 'elevation_gain': -inf, 'elevation_drop': inf}
2021-12-05 17:12:03,286 - DEBUG - {'start_location': {'lng': -72.54084914294442, 'lat': 42.38432751710755}, 'x': 10, 'end_location': {'lng': -72.53115027514602, 'lat': 42.38511998659308}, 'min_max': 'min'}
2021-12-05 17:12:04,986 - DEBUG - unnamed
2021-12-05 17:12:05,092 - DEBUG - the begin node is 61791311
2021-12-05 17:12:05,107 - DEBUG - the end node is 66655642
2021-12-05 17:12:05,107 - DEBUG - the shortest route is [61791311, 61797438, 61790472, 61793182, 66710693, 66701422, 66655642]
2021-12-05 17:12:05,107 - DEBUG - the current node is {'distance': 0.0, 'priority': 0.0, 'node': 61791311}
2021-12-05 17:12:05,107 - DEBUG - The node is 61791311
2021-12-05 17:12:05,107 - DEBUG - the nighbor is 61800557
2021-12-05 17:12:05,107 - DEBUG - the nighbor is 61797438
2021-12-05 17:12:05,108 - DEBUG - the distance is 0.0
2021-12-05 17:12:05,108 - DEBUG - the dijkstra route is {'end_to_end_path': [], 'total_distance': 0.0, 'elevation_gain': -inf, 'elevation_drop': inf}
2021-12-05 17:12:05,117 - DEBUG - the a star route is {'end_to_end_path': [], 'total_distance': 0.0, 'elevation_gain': -inf, 'elevation_drop': inf}
2021-12-05 17:12:05,117 - DEBUG - In shortest path
2021-12-05 17:12:05,117 - DEBUG - []
2021-12-05 17:12:05,117 - DEBUG - shortest path {'end_to_end_path': [[-72.53706, 42.385506], [-72.536353, 42.385637], [-72.535916, 42.384037], [-72.533451, 42.3845479], [-72.5326164, 42.3847498], [-72.53249, 42.384784], [-72.531276, 42.385039]], 'total_distance': 641.9440000000001, 'elevation_gain': 8.823, 'elevation_drop': 0.2820000000000036}, elevated_path {'end_to_end_path': [], 'total_distance': 0.0, 'elevation_gain': -inf, 'elevation_drop': inf}
2021-12-05 17:12:05,117 - DEBUG - The elevated path is {'end_to_end_path': [], 'total_distance': 0.0, 'elevation_gain': -inf, 'elevation_drop': inf}
2021-12-05 17:14:46,862 - DEBUG - {'start_location': {'lng': -72.54084914294442, 'lat': 42.38432751710755}, 'x': 10, 'end_location': {'lng': -72.53115027514602, 'lat': 42.38511998659308}, 'min_max': 'min'}
2021-12-05 17:14:48,543 - DEBUG - unnamed
2021-12-05 17:14:48,644 - DEBUG - the begin node is 61791311
2021-12-05 17:14:48,660 - DEBUG - the end node is 66655642
2021-12-05 17:14:48,660 - DEBUG - the shortest route is [61791311, 61797438, 61790472, 61793182, 66710693, 66701422, 66655642]
2021-12-05 17:14:48,661 - DEBUG - the current node is {'distance': 0.0, 'priority': 0.0, 'node': 61791311}
2021-12-05 17:14:48,661 - DEBUG - The node is 61791311
2021-12-05 17:14:48,661 - DEBUG - the nighbor is 61800557
2021-12-05 17:14:48,661 - DEBUG - the nighbor is 61797438
2021-12-05 17:14:48,661 - DEBUG - the distance is 0.0
2021-12-05 17:14:48,661 - DEBUG - the dijkstra route is {'end_to_end_path': [], 'total_distance': 0.0, 'elevation_gain': -inf, 'elevation_drop': inf}
2021-12-05 17:14:48,670 - DEBUG - the a star route is {'end_to_end_path': [], 'total_distance': 0.0, 'elevation_gain': -inf, 'elevation_drop': inf}
2021-12-05 17:14:48,671 - DEBUG - In shortest path
2021-12-05 17:14:48,671 - DEBUG - []
2021-12-05 17:14:48,671 - DEBUG - shortest path {'end_to_end_path': [[-72.53706, 42.385506], [-72.536353, 42.385637], [-72.535916, 42.384037], [-72.533451, 42.3845479], [-72.5326164, 42.3847498], [-72.53249, 42.384784], [-72.531276, 42.385039]], 'total_distance': 641.9440000000001, 'elevation_gain': 8.823, 'elevation_drop': 0.2820000000000036}, elevated_path {'end_to_end_path': [], 'total_distance': 0.0, 'elevation_gain': -inf, 'elevation_drop': inf}
2021-12-05 17:14:48,671 - DEBUG - The elevated path is {'end_to_end_path': [], 'total_distance': 0.0, 'elevation_gain': -inf, 'elevation_drop': inf}
2021-12-05 17:17:17,339 - DEBUG - {'start_location': {'lng': -72.54084914294442, 'lat': 42.38432751710755}, 'x': 10, 'end_location': {'lng': -72.53115027514602, 'lat': 42.38511998659308}, 'min_max': 'min'}
2021-12-05 17:17:19,001 - DEBUG - unnamed
2021-12-05 17:17:19,104 - DEBUG - the begin node is 61791311
2021-12-05 17:17:19,120 - DEBUG - the end node is 66655642
2021-12-05 17:17:19,120 - DEBUG - the shortest route is [61791311, 61797438, 61790472, 61793182, 66710693, 66701422, 66655642]
2021-12-05 17:17:19,120 - DEBUG - the current node is {'distance': 0.0, 'priority': 0.0, 'node': 61791311}
2021-12-05 17:17:19,121 - DEBUG - The node is 61791311
2021-12-05 17:17:19,121 - DEBUG - the nighbor is 61800557
2021-12-05 17:17:19,121 - DEBUG - the nighbor is 61797438
2021-12-05 17:17:19,121 - DEBUG - the distance is 0.0
2021-12-05 17:17:19,121 - DEBUG - the dijkstra route is {'end_to_end_path': [], 'total_distance': 0.0, 'elevation_gain': -inf, 'elevation_drop': inf}
2021-12-05 17:17:19,130 - DEBUG - the a star route is {'end_to_end_path': [], 'total_distance': 0.0, 'elevation_gain': -inf, 'elevation_drop': inf}
2021-12-05 17:17:19,130 - DEBUG - In shortest path
2021-12-05 17:17:19,130 - DEBUG - []
2021-12-05 17:17:19,131 - DEBUG - shortest path {'end_to_end_path': [[-72.53706, 42.385506], [-72.536353, 42.385637], [-72.535916, 42.384037], [-72.533451, 42.3845479], [-72.5326164, 42.3847498], [-72.53249, 42.384784], [-72.531276, 42.385039]], 'total_distance': 641.9440000000001, 'elevation_gain': 8.823, 'elevation_drop': 0.2820000000000036}, elevated_path {'end_to_end_path': [], 'total_distance': 0.0, 'elevation_gain': -inf, 'elevation_drop': inf}
2021-12-05 17:17:19,131 - DEBUG - The elevated path is {'end_to_end_path': [], 'total_distance': 0.0, 'elevation_gain': -inf, 'elevation_drop': inf}
2021-12-05 17:50:46,738 - DEBUG - {'start_location': {'lng': -72.54084914294442, 'lat': 42.38432751710755}, 'x': 10, 'end_location': {'lng': -72.53115027514602, 'lat': 42.38511998659308}, 'min_max': 'min'}
2021-12-05 17:50:48,586 - DEBUG - MultiDiGraph named 'unnamed' with 25840 nodes and 73192 edges
2021-12-05 17:50:48,697 - DEBUG - the begin node is 61791311
2021-12-05 17:50:48,718 - DEBUG - the end node is 66655642
2021-12-05 17:50:48,718 - DEBUG - the shortest route is [61791311, 61797438, 61790472, 61793182, 66710693, 66701422, 66655642]
2021-12-05 17:51:57,103 - DEBUG - {'start_location': {'lng': -72.54084914294442, 'lat': 42.38432751710755}, 'x': 10, 'end_location': {'lng': -72.53115027514602, 'lat': 42.38511998659308}, 'min_max': 'min'}
2021-12-05 17:51:58,900 - DEBUG - MultiDiGraph named 'unnamed' with 25840 nodes and 73192 edges
2021-12-05 17:51:59,010 - DEBUG - the begin node is 61791311
2021-12-05 17:51:59,031 - DEBUG - the end node is 66655642
2021-12-05 17:51:59,032 - DEBUG - the shortest route is [61791311, 61797438, 61790472, 61793182, 66710693, 66701422, 66655642]
2021-12-05 17:52:12,085 - DEBUG - {'start_location': {'lng': -72.54084914294442, 'lat': 42.38432751710755}, 'x': 10, 'end_location': {'lng': -72.53115027514602, 'lat': 42.38511998659308}, 'min_max': 'min'}
2021-12-05 17:52:13,818 - DEBUG - MultiDiGraph named 'unnamed' with 25840 nodes and 73192 edges
2021-12-05 17:52:13,929 - DEBUG - the begin node is 61791311
2021-12-05 17:52:13,951 - DEBUG - the end node is 66655642
2021-12-05 17:52:13,951 - DEBUG - the shortest route is [61791311, 61797438, 61790472, 61793182, 66710693, 66701422, 66655642]
2021-12-05 17:52:13,951 - DEBUG - the nighbor is 61800557
2021-12-05 17:52:13,951 - DEBUG - the nighbor is 61797438
2021-12-05 17:52:13,951 - DEBUG - the distance is 0.0
2021-12-05 17:52:13,951 - DEBUG - the dijkstra route is {'end_to_end_path': [], 'total_distance': 0.0, 'elevation_gain': -inf, 'elevation_drop': inf}
2021-12-05 17:52:13,959 - DEBUG - the a star route is {'end_to_end_path': [], 'total_distance': 0.0, 'elevation_gain': -inf, 'elevation_drop': inf}
2021-12-05 17:52:13,959 - DEBUG - In shortest path
2021-12-05 17:52:13,959 - DEBUG - []
2021-12-05 17:52:13,959 - DEBUG - shortest path {'end_to_end_path': [[-72.53706, 42.385506], [-72.536353, 42.385637], [-72.535916, 42.384037], [-72.533451, 42.3845479], [-72.5326164, 42.3847498], [-72.53249, 42.384784], [-72.531276, 42.385039]], 'total_distance': 641.9440000000001, 'elevation_gain': 8.823, 'elevation_drop': 0.2820000000000036}, elevated_path {'end_to_end_path': [], 'total_distance': 0.0, 'elevation_gain': -inf, 'elevation_drop': inf}
2021-12-05 17:52:13,959 - DEBUG - The elevated path is {'end_to_end_path': [], 'total_distance': 0.0, 'elevation_gain': -inf, 'elevation_drop': inf}
2021-12-05 17:57:24,507 - DEBUG - {'start_location': {'lng': -72.54084914294442, 'lat': 42.38432751710755}, 'x': 10, 'end_location': {'lng': -72.53115027514602, 'lat': 42.38511998659308}, 'min_max': 'min'}
2021-12-05 17:57:26,187 - DEBUG - MultiDiGraph named 'unnamed' with 25840 nodes and 73192 edges
2021-12-05 17:57:26,297 - DEBUG - the begin node is 61791311
2021-12-05 17:57:26,318 - DEBUG - the end node is 66655642
2021-12-05 17:57:26,318 - DEBUG - the shortest route is [61791311, 61797438, 61790472, 61793182, 66710693, 66701422, 66655642]
2021-12-05 17:57:52,207 - DEBUG - {'start_location': {'lng': -72.54084914294442, 'lat': 42.38432751710755}, 'x': 10, 'end_location': {'lng': -72.53115027514602, 'lat': 42.38511998659308}, 'min_max': 'min'}
2021-12-05 17:57:53,994 - DEBUG - MultiDiGraph named 'unnamed' with 25840 nodes and 73192 edges
2021-12-05 17:57:54,107 - DEBUG - the begin node is 61791311
2021-12-05 17:57:54,129 - DEBUG - the end node is 66655642
2021-12-05 17:57:54,129 - DEBUG - the shortest route is [61791311, 61797438, 61790472, 61793182, 66710693, 66701422, 66655642]
2021-12-05 17:58:12,790 - DEBUG - {'start_location': {'lng': -72.54084914294442, 'lat': 42.38432751710755}, 'x': 10, 'end_location': {'lng': -72.53115027514602, 'lat': 42.38511998659308}, 'min_max': 'min'}
2021-12-05 17:58:14,598 - DEBUG - MultiDiGraph named 'unnamed' with 25840 nodes and 73192 edges
2021-12-05 17:58:14,706 - DEBUG - the begin node is 61791311
2021-12-05 17:58:14,726 - DEBUG - the end node is 66655642
2021-12-05 17:58:14,727 - DEBUG - the shortest route is [61791311, 61797438, 61790472, 61793182, 66710693, 66701422, 66655642]
2021-12-05 17:58:14,727 - DEBUG - the distance is 0.0
2021-12-05 17:58:14,727 - DEBUG - the dijkstra route is {'end_to_end_path': [], 'total_distance': 0.0, 'elevation_gain': -inf, 'elevation_drop': inf}
2021-12-05 17:58:14,734 - DEBUG - the a star route is {'end_to_end_path': [], 'total_distance': 0.0, 'elevation_gain': -inf, 'elevation_drop': inf}
2021-12-05 17:58:14,734 - DEBUG - In shortest path
2021-12-05 17:58:14,734 - DEBUG - []
2021-12-05 17:58:14,734 - DEBUG - shortest path {'end_to_end_path': [[-72.53706, 42.385506], [-72.536353, 42.385637], [-72.535916, 42.384037], [-72.533451, 42.3845479], [-72.5326164, 42.3847498], [-72.53249, 42.384784], [-72.531276, 42.385039]], 'total_distance': 641.9440000000001, 'elevation_gain': 8.823, 'elevation_drop': 0.2820000000000036}, elevated_path {'end_to_end_path': [], 'total_distance': 0.0, 'elevation_gain': -inf, 'elevation_drop': inf}
2021-12-05 17:58:14,735 - DEBUG - The elevated path is {'end_to_end_path': [], 'total_distance': 0.0, 'elevation_gain': -inf, 'elevation_drop': inf}
2021-12-05 18:03:20,286 - DEBUG - {'start_location': {'lng': -72.54084914294442, 'lat': 42.38432751710755}, 'x': 10, 'end_location': {'lng': -72.53115027514602, 'lat': 42.38511998659308}, 'min_max': 'min'}
2021-12-05 18:03:22,269 - DEBUG - MultiDiGraph named 'unnamed' with 25840 nodes and 73192 edges
2021-12-05 18:03:22,381 - DEBUG - the begin node is 61791311
2021-12-05 18:03:22,403 - DEBUG - the end node is 66655642
2021-12-05 18:03:22,403 - DEBUG - the shortest route is [61791311, 61797438, 61790472, 61793182, 66710693, 66701422, 66655642]
2021-12-05 18:03:22,403 - DEBUG - the distance is 0.0
2021-12-05 18:03:22,403 - DEBUG - the dijkstra route is {'end_to_end_path': [], 'total_distance': 0.0, 'elevation_gain': -inf, 'elevation_drop': inf}
2021-12-05 18:03:22,411 - DEBUG - the a star route is {'end_to_end_path': [], 'total_distance': 0.0, 'elevation_gain': -inf, 'elevation_drop': inf}
2021-12-05 18:03:22,411 - DEBUG - In shortest path
2021-12-05 18:03:22,411 - DEBUG - []
2021-12-05 18:03:22,411 - DEBUG - shortest path {'end_to_end_path': [[-72.53706, 42.385506], [-72.536353, 42.385637], [-72.535916, 42.384037], [-72.533451, 42.3845479], [-72.5326164, 42.3847498], [-72.53249, 42.384784], [-72.531276, 42.385039]], 'total_distance': 641.9440000000001, 'elevation_gain': 8.823, 'elevation_drop': 0.2820000000000036}, elevated_path {'end_to_end_path': [], 'total_distance': 0.0, 'elevation_gain': -inf, 'elevation_drop': inf}
2021-12-05 18:03:22,411 - DEBUG - The elevated path is {'end_to_end_path': [], 'total_distance': 0.0, 'elevation_gain': -inf, 'elevation_drop': inf}
2021-12-05 18:05:31,391 - DEBUG - {'start_location': {'lng': -72.54084914294442, 'lat': 42.38432751710755}, 'x': 10, 'end_location': {'lng': -72.53115027514602, 'lat': 42.38511998659308}, 'min_max': 'min'}
2021-12-05 18:05:33,132 - DEBUG - MultiDiGraph named 'unnamed' with 25840 nodes and 73192 edges
2021-12-05 18:05:33,245 - DEBUG - the begin node is 61791311
2021-12-05 18:05:33,266 - DEBUG - the end node is 66655642
2021-12-05 18:05:33,266 - DEBUG - the shortest route is [61791311, 61797438, 61790472, 61793182, 66710693, 66701422, 66655642]
2021-12-05 18:05:33,267 - DEBUG - the distance is 0.0
2021-12-05 18:05:33,267 - DEBUG - the dijkstra route is {'end_to_end_path': [], 'total_distance': 0.0, 'elevation_gain': -inf, 'elevation_drop': inf}
2021-12-05 18:05:33,275 - DEBUG - the a star route is {'end_to_end_path': [], 'total_distance': 0.0, 'elevation_gain': -inf, 'elevation_drop': inf}
2021-12-05 18:05:33,275 - DEBUG - In shortest path
2021-12-05 18:05:33,275 - DEBUG - []
2021-12-05 18:05:33,275 - DEBUG - shortest path {'end_to_end_path': [[-72.53706, 42.385506], [-72.536353, 42.385637], [-72.535916, 42.384037], [-72.533451, 42.3845479], [-72.5326164, 42.3847498], [-72.53249, 42.384784], [-72.531276, 42.385039]], 'total_distance': 641.9440000000001, 'elevation_gain': 8.823, 'elevation_drop': 0.2820000000000036}, elevated_path {'end_to_end_path': [], 'total_distance': 0.0, 'elevation_gain': -inf, 'elevation_drop': inf}
2021-12-05 18:05:33,275 - DEBUG - The elevated path is {'end_to_end_path': [], 'total_distance': 0.0, 'elevation_gain': -inf, 'elevation_drop': inf}
2021-12-05 18:06:47,887 - DEBUG - {'start_location': {'lng': -72.54084914294442, 'lat': 42.38432751710755}, 'x': 10, 'end_location': {'lng': -72.53115027514602, 'lat': 42.38511998659308}, 'min_max': 'min'}
2021-12-05 18:06:49,719 - DEBUG - MultiDiGraph named 'unnamed' with 25840 nodes and 73192 edges
2021-12-05 18:06:49,827 - DEBUG - the begin node is 61791311
2021-12-05 18:06:49,847 - DEBUG - the end node is 66655642
2021-12-05 18:06:49,847 - DEBUG - the shortest route is [61791311, 61797438, 61790472, 61793182, 66710693, 66701422, 66655642]
2021-12-05 18:06:49,848 - DEBUG - the distance is 0.0
2021-12-05 18:06:49,848 - DEBUG - the dijkstra route is {'end_to_end_path': [], 'total_distance': 0.0, 'elevation_gain': -inf, 'elevation_drop': inf}
2021-12-05 18:06:49,855 - DEBUG - the a star route is {'end_to_end_path': [], 'total_distance': 0.0, 'elevation_gain': -inf, 'elevation_drop': inf}
2021-12-05 18:06:49,855 - DEBUG - In shortest path
2021-12-05 18:06:49,855 - DEBUG - []
2021-12-05 18:06:49,855 - DEBUG - shortest path {'end_to_end_path': [[-72.53706, 42.385506], [-72.536353, 42.385637], [-72.535916, 42.384037], [-72.533451, 42.3845479], [-72.5326164, 42.3847498], [-72.53249, 42.384784], [-72.531276, 42.385039]], 'total_distance': 641.9440000000001, 'elevation_gain': 8.823, 'elevation_drop': 0.2820000000000036}, elevated_path {'end_to_end_path': [], 'total_distance': 0.0, 'elevation_gain': -inf, 'elevation_drop': inf}
2021-12-05 18:06:49,855 - DEBUG - The elevated path is {'end_to_end_path': [], 'total_distance': 0.0, 'elevation_gain': -inf, 'elevation_drop': inf}
2021-12-05 18:08:05,166 - DEBUG - {'start_location': {'lng': -72.54084914294442, 'lat': 42.38432751710755}, 'x': 10, 'end_location': {'lng': -72.53115027514602, 'lat': 42.38511998659308}, 'min_max': 'min'}
2021-12-05 18:08:06,944 - DEBUG - MultiDiGraph named 'unnamed' with 25840 nodes and 73192 edges
2021-12-05 18:08:07,052 - DEBUG - the begin node is 61791311
2021-12-05 18:08:07,073 - DEBUG - the end node is 66655642
2021-12-05 18:08:07,073 - DEBUG - the shortest route is [61791311, 61797438, 61790472, 61793182, 66710693, 66701422, 66655642]
2021-12-05 18:08:07,074 - DEBUG - the distance is 0.0
2021-12-05 18:08:07,074 - DEBUG - the dijkstra route is {'end_to_end_path': [], 'total_distance': 0.0, 'elevation_gain': -inf, 'elevation_drop': inf}
2021-12-05 18:08:07,081 - DEBUG - the a star route is {'end_to_end_path': [], 'total_distance': 0.0, 'elevation_gain': -inf, 'elevation_drop': inf}
2021-12-05 18:08:07,081 - DEBUG - In shortest path
2021-12-05 18:08:07,081 - DEBUG - []
2021-12-05 18:08:07,081 - DEBUG - shortest path {'end_to_end_path': [[-72.53706, 42.385506], [-72.536353, 42.385637], [-72.535916, 42.384037], [-72.533451, 42.3845479], [-72.5326164, 42.3847498], [-72.53249, 42.384784], [-72.531276, 42.385039]], 'total_distance': 641.9440000000001, 'elevation_gain': 8.823, 'elevation_drop': 0.2820000000000036}, elevated_path {'end_to_end_path': [], 'total_distance': 0.0, 'elevation_gain': -inf, 'elevation_drop': inf}
2021-12-05 18:08:07,081 - DEBUG - The elevated path is {'end_to_end_path': [], 'total_distance': 0.0, 'elevation_gain': -inf, 'elevation_drop': inf}
2021-12-05 18:08:57,362 - DEBUG - {'start_location': {'lng': -72.54084914294442, 'lat': 42.38432751710755}, 'x': 10, 'end_location': {'lng': -72.53115027514602, 'lat': 42.38511998659308}, 'min_max': 'min'}
2021-12-05 18:08:59,048 - DEBUG - MultiDiGraph named 'unnamed' with 25840 nodes and 73192 edges
2021-12-05 18:08:59,160 - DEBUG - the begin node is 61791311
2021-12-05 18:08:59,181 - DEBUG - the end node is 66655642
2021-12-05 18:08:59,182 - DEBUG - the shortest route is [61791311, 61797438, 61790472, 61793182, 66710693, 66701422, 66655642]
2021-12-05 18:08:59,182 - DEBUG - distance: 0.0
2021-12-05 18:08:59,182 - DEBUG - the distance is 0.0
2021-12-05 18:08:59,182 - DEBUG - the dijkstra route is {'end_to_end_path': [], 'total_distance': 0.0, 'elevation_gain': -inf, 'elevation_drop': inf}
2021-12-05 18:08:59,190 - DEBUG - the a star route is {'end_to_end_path': [], 'total_distance': 0.0, 'elevation_gain': -inf, 'elevation_drop': inf}
2021-12-05 18:08:59,190 - DEBUG - In shortest path
2021-12-05 18:08:59,190 - DEBUG - []
2021-12-05 18:08:59,190 - DEBUG - shortest path {'end_to_end_path': [[-72.53706, 42.385506], [-72.536353, 42.385637], [-72.535916, 42.384037], [-72.533451, 42.3845479], [-72.5326164, 42.3847498], [-72.53249, 42.384784], [-72.531276, 42.385039]], 'total_distance': 641.9440000000001, 'elevation_gain': 8.823, 'elevation_drop': 0.2820000000000036}, elevated_path {'end_to_end_path': [], 'total_distance': 0.0, 'elevation_gain': -inf, 'elevation_drop': inf}
2021-12-05 18:08:59,190 - DEBUG - The elevated path is {'end_to_end_path': [], 'total_distance': 0.0, 'elevation_gain': -inf, 'elevation_drop': inf}
2021-12-05 18:18:33,479 - DEBUG - {'start_location': {'lng': -72.54084914294442, 'lat': 42.38432751710755}, 'x': 10, 'end_location': {'lng': -72.53115027514602, 'lat': 42.38511998659308}, 'min_max': 'min'}
2021-12-05 18:19:20,937 - DEBUG - {'start_location': {'lng': -72.54084914294442, 'lat': 42.38432751710755}, 'x': 10, 'end_location': {'lng': -72.53115027514602, 'lat': 42.38511998659308}, 'min_max': 'min'}
2021-12-05 18:21:11,174 - DEBUG - {'start_location': {'lng': -72.54084914294442, 'lat': 42.38432751710755}, 'x': 10, 'end_location': {'lng': -72.53115027514602, 'lat': 42.38511998659308}, 'min_max': 'min'}
2021-12-05 18:21:25,764 - DEBUG - {'start_location': {'lng': -72.54084914294442, 'lat': 42.38432751710755}, 'x': 10, 'end_location': {'lng': -72.53115027514602, 'lat': 42.38511998659308}, 'min_max': 'min'}
2021-12-05 18:21:27,472 - DEBUG - the begin node is 61791311
2021-12-05 18:21:27,492 - DEBUG - the end node is 66655642
2021-12-05 18:21:27,493 - DEBUG - the shortest route is [61791311, 61797438, 61790472, 61793182, 66710693, 66701422, 66655642]
2021-12-05 18:21:27,493 - DEBUG - distance: 0.0
2021-12-05 18:21:27,493 - DEBUG - the distance is 0.0
2021-12-05 18:21:27,493 - DEBUG - the dijkstra route is {'end_to_end_path': [], 'total_distance': 0.0, 'elevation_gain': -inf, 'elevation_drop': inf}
2021-12-05 18:22:18,953 - DEBUG - {'start_location': {'lng': -72.54084914294442, 'lat': 42.38432751710755}, 'x': 10, 'end_location': {'lng': -72.53115027514602, 'lat': 42.38511998659308}, 'min_max': 'min'}
2021-12-05 18:22:20,645 - DEBUG - the begin node is 61791311
2021-12-05 18:22:20,666 - DEBUG - the end node is 66655642
2021-12-05 18:22:20,666 - DEBUG - the shortest route is [61791311, 61797438, 61790472, 61793182, 66710693, 66701422, 66655642]
2021-12-05 18:22:20,666 - DEBUG - distance: 0.0
2021-12-05 18:22:20,666 - DEBUG - the distance is 0.0
2021-12-05 18:22:20,666 - DEBUG - the dijkstra route is {'end_to_end_path': [], 'total_distance': 0.0, 'elevation_gain': -inf, 'elevation_drop': inf}
2021-12-05 18:25:20,895 - DEBUG - {'start_location': {'lng': -72.54084914294442, 'lat': 42.38432751710755}, 'x': 10, 'end_location': {'lng': -72.53115027514602, 'lat': 42.38511998659308}, 'min_max': 'min'}
2021-12-05 18:25:22,733 - DEBUG - the begin node is 61791311
2021-12-05 18:25:22,754 - DEBUG - the end node is 66655642
2021-12-05 18:25:22,754 - DEBUG - the shortest route is [61791311, 61797438, 61790472, 61793182, 66710693, 66701422, 66655642]
2021-12-05 18:25:22,754 - DEBUG - distance: 0.0
2021-12-05 18:25:22,754 - DEBUG - distance: 60.548
2021-12-05 18:25:22,754 - DEBUG - distance: 196.93699999999998
2021-12-05 18:25:22,754 - DEBUG - distance: 242.371
2021-12-05 18:25:22,755 - DEBUG - distance: 253.343
2021-12-05 18:25:22,755 - DEBUG - distance: 274.932
2021-12-05 18:25:22,755 - DEBUG - distance: 289.246
2021-12-05 18:25:22,755 - DEBUG - distance: 302.146
2021-12-05 18:25:22,755 - DEBUG - distance: 343.343
2021-12-05 18:25:22,755 - DEBUG - distance: 350.38
2021-12-05 18:25:22,755 - DEBUG - distance: 365.245
2021-12-05 18:25:22,755 - DEBUG - distance: 388.18
2021-12-05 18:25:22,755 - DEBUG - distance: 399.683
2021-12-05 18:25:22,755 - DEBUG - distance: 453.783
2021-12-05 18:25:22,755 - DEBUG - distance: 483.227
2021-12-05 18:25:22,755 - DEBUG - distance: 505.23499999999996
2021-12-05 18:25:22,755 - DEBUG - distance: 514.06
2021-12-05 18:25:22,755 - DEBUG - distance: 526.561
2021-12-05 18:25:22,755 - DEBUG - distance: 542.3399999999999
2021-12-05 18:25:22,755 - DEBUG - distance: 530.227
2021-12-05 18:25:22,755 - DEBUG - distance: 526.715
2021-12-05 18:25:22,755 - DEBUG - distance: 537.6170000000001
2021-12-05 18:25:22,755 - DEBUG - distance: 537.168
2021-12-05 18:25:22,755 - DEBUG - distance: 571.0500000000001
2021-12-05 18:25:22,755 - DEBUG - distance: 584.639
2021-12-05 18:25:22,755 - DEBUG - distance: 631.184
2021-12-05 18:25:22,755 - DEBUG - distance: 627.0580000000001
2021-12-05 18:25:22,755 - DEBUG - distance: 637.5010000000001
2021-12-05 18:25:22,755 - DEBUG - distance: 659.1719999999999
2021-12-05 18:25:22,755 - DEBUG - distance: 657.911
2021-12-05 18:25:22,755 - DEBUG - distance: 652.8310000000001
2021-12-05 18:25:22,756 - DEBUG - distance: 667.266
2021-12-05 18:25:22,756 - DEBUG - distance: 664.693
2021-12-05 18:25:22,756 - DEBUG - distance: 671.0940000000002
2021-12-05 18:25:22,756 - DEBUG - distance: 682.199
2021-12-05 18:25:22,756 - DEBUG - distance: 695.357
2021-12-05 18:25:22,756 - DEBUG - distance: 697.636
2021-12-05 18:25:22,756 - DEBUG - distance: 641.9440000000001
2021-12-05 18:25:22,756 - DEBUG - route dijkstra [61791311, 61797438, 61790472, 61793182, 66710693, 66701422, 66655642]
2021-12-05 18:25:22,756 - DEBUG - the end to end path is djikstra [61791311, 61797438, 61790472, 61793182, 66710693, 66701422, 66655642]
2021-12-05 18:26:04,216 - DEBUG - {'start_location': {'lng': -72.54084914294442, 'lat': 42.38432751710755}, 'x': 10, 'end_location': {'lng': -72.53115027514602, 'lat': 42.38511998659308}, 'min_max': 'min'}
2021-12-05 18:26:06,238 - DEBUG - the begin node is 61791311
2021-12-05 18:26:06,259 - DEBUG - the end node is 66655642
2021-12-05 18:26:06,259 - DEBUG - the shortest route is [61791311, 61797438, 61790472, 61793182, 66710693, 66701422, 66655642]
2021-12-05 18:26:06,259 - DEBUG - distance: 0.0
2021-12-05 18:26:06,259 - DEBUG - distance: 60.548
2021-12-05 18:26:06,259 - DEBUG - distance: 196.93699999999998
2021-12-05 18:26:06,259 - DEBUG - distance: 242.371
2021-12-05 18:26:06,260 - DEBUG - distance: 253.343
2021-12-05 18:26:06,260 - DEBUG - distance: 274.932
2021-12-05 18:26:06,260 - DEBUG - distance: 289.246
2021-12-05 18:26:06,260 - DEBUG - distance: 302.146
2021-12-05 18:26:06,260 - DEBUG - distance: 343.343
2021-12-05 18:26:06,260 - DEBUG - distance: 350.38
2021-12-05 18:26:06,260 - DEBUG - distance: 365.245
2021-12-05 18:26:06,260 - DEBUG - distance: 388.18
2021-12-05 18:26:06,260 - DEBUG - distance: 399.683
2021-12-05 18:26:06,260 - DEBUG - distance: 453.783
2021-12-05 18:26:06,260 - DEBUG - distance: 483.227
2021-12-05 18:26:06,260 - DEBUG - distance: 505.23499999999996
2021-12-05 18:26:06,260 - DEBUG - distance: 514.06
2021-12-05 18:26:06,260 - DEBUG - distance: 526.561
2021-12-05 18:26:06,260 - DEBUG - distance: 542.3399999999999
2021-12-05 18:26:06,260 - DEBUG - distance: 530.227
2021-12-05 18:26:06,260 - DEBUG - distance: 526.715
2021-12-05 18:26:06,260 - DEBUG - distance: 537.6170000000001
2021-12-05 18:26:06,261 - DEBUG - distance: 537.168
2021-12-05 18:26:06,261 - DEBUG - distance: 571.0500000000001
2021-12-05 18:26:06,261 - DEBUG - distance: 584.639
2021-12-05 18:26:06,261 - DEBUG - distance: 631.184
2021-12-05 18:26:06,261 - DEBUG - distance: 627.0580000000001
2021-12-05 18:26:06,261 - DEBUG - distance: 637.5010000000001
2021-12-05 18:26:06,261 - DEBUG - distance: 659.1719999999999
2021-12-05 18:26:06,261 - DEBUG - distance: 657.911
2021-12-05 18:26:06,261 - DEBUG - distance: 652.8310000000001
2021-12-05 18:26:06,261 - DEBUG - distance: 667.266
2021-12-05 18:26:06,261 - DEBUG - distance: 664.693
2021-12-05 18:26:06,261 - DEBUG - distance: 671.0940000000002
2021-12-05 18:26:06,261 - DEBUG - distance: 682.199
2021-12-05 18:26:06,261 - DEBUG - distance: 695.357
2021-12-05 18:26:06,261 - DEBUG - distance: 697.636
2021-12-05 18:26:06,261 - DEBUG - distance: 641.9440000000001
2021-12-05 18:26:06,261 - DEBUG - route dijkstra [61791311, 61797438, 61790472, 61793182, 66710693, 66701422, 66655642]
2021-12-05 18:26:06,261 - DEBUG - the end to end path is djikstra [61791311, 61797438, 61790472, 61793182, 66710693, 66701422, 66655642]
2021-12-05 18:26:06,261 - DEBUG - the dijkstra route is {'end_to_end_path': [61791311, 61797438, 61790472, 61793182, 66710693, 66701422, 66655642], 'total_distance': 641.9440000000001, 'elevation_gain': 8.823, 'elevation_drop': 0.2820000000000036}
2021-12-05 18:37:40,777 - DEBUG - {'start_location': {'lng': -72.54084914294442, 'lat': 42.38432751710755}, 'x': 10, 'end_location': {'lng': -72.53115027514602, 'lat': 42.38511998659308}, 'min_max': 'min'}
2021-12-05 18:37:42,537 - DEBUG - the begin node is 61791311
2021-12-05 18:37:42,557 - DEBUG - the end node is 66655642
2021-12-05 18:37:42,558 - DEBUG - the shortest route is [61791311, 61797438, 61790472, 61793182, 66710693, 66701422, 66655642]
2021-12-05 18:37:42,558 - DEBUG - distance: 0.0
2021-12-05 18:37:42,558 - DEBUG - distance: 60.548
2021-12-05 18:37:42,558 - DEBUG - distance: 196.93699999999998
2021-12-05 18:37:42,558 - DEBUG - distance: 242.371
2021-12-05 18:37:42,558 - DEBUG - distance: 253.343
2021-12-05 18:37:42,558 - DEBUG - distance: 274.932
2021-12-05 18:37:42,558 - DEBUG - distance: 289.246
2021-12-05 18:37:42,558 - DEBUG - distance: 302.146
2021-12-05 18:37:42,559 - DEBUG - distance: 343.343
2021-12-05 18:37:42,559 - DEBUG - distance: 350.38
2021-12-05 18:37:42,559 - DEBUG - distance: 365.245
2021-12-05 18:37:42,559 - DEBUG - distance: 388.18
2021-12-05 18:37:42,559 - DEBUG - distance: 399.683
2021-12-05 18:37:42,559 - DEBUG - distance: 453.783
2021-12-05 18:37:42,559 - DEBUG - distance: 483.227
2021-12-05 18:37:42,559 - DEBUG - distance: 505.23499999999996
2021-12-05 18:37:42,559 - DEBUG - distance: 514.06
2021-12-05 18:37:42,559 - DEBUG - distance: 526.561
2021-12-05 18:37:42,559 - DEBUG - distance: 542.3399999999999
2021-12-05 18:37:42,559 - DEBUG - distance: 530.227
2021-12-05 18:37:42,559 - DEBUG - distance: 526.715
2021-12-05 18:37:42,559 - DEBUG - distance: 537.6170000000001
2021-12-05 18:37:42,559 - DEBUG - distance: 537.168
2021-12-05 18:37:42,559 - DEBUG - distance: 571.0500000000001
2021-12-05 18:37:42,559 - DEBUG - distance: 584.639
2021-12-05 18:37:42,559 - DEBUG - distance: 631.184
2021-12-05 18:37:42,560 - DEBUG - distance: 627.0580000000001
2021-12-05 18:37:42,560 - DEBUG - distance: 637.5010000000001
2021-12-05 18:37:42,560 - DEBUG - distance: 659.1719999999999
2021-12-05 18:37:42,560 - DEBUG - distance: 657.911
2021-12-05 18:37:42,560 - DEBUG - distance: 652.8310000000001
2021-12-05 18:37:42,560 - DEBUG - distance: 667.266
2021-12-05 18:37:42,560 - DEBUG - distance: 664.693
2021-12-05 18:37:42,560 - DEBUG - distance: 671.0940000000002
2021-12-05 18:37:42,560 - DEBUG - distance: 682.199
2021-12-05 18:37:42,560 - DEBUG - distance: 695.357
2021-12-05 18:37:42,560 - DEBUG - distance: 697.636
2021-12-05 18:37:42,560 - DEBUG - distance: 641.9440000000001
2021-12-05 18:37:42,560 - DEBUG - route dijkstra [61791311, 61797438, 61790472, 61793182, 66710693, 66701422, 66655642]
2021-12-05 18:37:42,560 - DEBUG - the end to end path is djikstra [61791311, 61797438, 61790472, 61793182, 66710693, 66701422, 66655642]
2021-12-05 18:37:42,560 - DEBUG - the dijkstra route is {'end_to_end_path': [61791311, 61797438, 61790472, 61793182, 66710693, 66701422, 66655642], 'total_distance': 641.9440000000001, 'elevation_gain': 8.823, 'elevation_drop': 0.2820000000000036}
2021-12-05 18:38:04,157 - DEBUG - {'start_location': {'lng': -72.54084914294442, 'lat': 42.38432751710755}, 'x': 10, 'end_location': {'lng': -72.53115027514602, 'lat': 42.38511998659308}, 'min_max': 'min'}
2021-12-05 18:38:05,969 - DEBUG - the begin node is 61791311
2021-12-05 18:38:05,990 - DEBUG - the end node is 66655642
2021-12-05 18:38:05,990 - DEBUG - the shortest route is [61791311, 61797438, 61790472, 61793182, 66710693, 66701422, 66655642]
2021-12-05 18:38:05,991 - DEBUG - distance: 0.0
2021-12-05 18:38:05,991 - DEBUG - distance: 60.548
2021-12-05 18:38:05,991 - DEBUG - distance: 196.93699999999998
2021-12-05 18:38:05,991 - DEBUG - distance: 242.371
2021-12-05 18:38:05,991 - DEBUG - distance: 253.343
2021-12-05 18:38:05,991 - DEBUG - distance: 274.932
2021-12-05 18:38:05,991 - DEBUG - distance: 289.246
2021-12-05 18:38:05,991 - DEBUG - distance: 302.146
2021-12-05 18:38:05,991 - DEBUG - distance: 343.343
2021-12-05 18:38:05,991 - DEBUG - distance: 350.38
2021-12-05 18:38:05,991 - DEBUG - distance: 365.245
2021-12-05 18:38:05,991 - DEBUG - distance: 388.18
2021-12-05 18:38:05,991 - DEBUG - distance: 399.683
2021-12-05 18:38:05,991 - DEBUG - distance: 453.783
2021-12-05 18:38:05,991 - DEBUG - distance: 483.227
2021-12-05 18:38:05,992 - DEBUG - distance: 505.23499999999996
2021-12-05 18:38:05,992 - DEBUG - distance: 514.06
2021-12-05 18:38:05,992 - DEBUG - distance: 526.561
2021-12-05 18:38:05,992 - DEBUG - distance: 542.3399999999999
2021-12-05 18:38:05,992 - DEBUG - distance: 530.227
2021-12-05 18:38:05,992 - DEBUG - distance: 526.715
2021-12-05 18:38:05,992 - DEBUG - distance: 537.6170000000001
2021-12-05 18:38:05,992 - DEBUG - distance: 537.168
2021-12-05 18:38:05,992 - DEBUG - distance: 571.0500000000001
2021-12-05 18:38:05,992 - DEBUG - distance: 584.639
2021-12-05 18:38:05,992 - DEBUG - distance: 631.184
2021-12-05 18:38:05,992 - DEBUG - distance: 627.0580000000001
2021-12-05 18:38:05,992 - DEBUG - distance: 637.5010000000001
2021-12-05 18:38:05,992 - DEBUG - distance: 659.1719999999999
2021-12-05 18:38:05,992 - DEBUG - distance: 657.911
2021-12-05 18:38:05,992 - DEBUG - distance: 652.8310000000001
2021-12-05 18:38:05,992 - DEBUG - distance: 667.266
2021-12-05 18:38:05,992 - DEBUG - distance: 664.693
2021-12-05 18:38:05,992 - DEBUG - distance: 671.0940000000002
2021-12-05 18:38:05,993 - DEBUG - distance: 682.199
2021-12-05 18:38:05,993 - DEBUG - distance: 695.357
2021-12-05 18:38:05,993 - DEBUG - distance: 697.636
2021-12-05 18:38:05,993 - DEBUG - distance: 641.9440000000001
2021-12-05 18:38:05,993 - DEBUG - route dijkstra [61791311, 61797438, 61790472, 61793182, 66710693, 66701422, 66655642]
2021-12-05 18:38:05,993 - DEBUG - the end to end path is djikstra [61791311, 61797438, 61790472, 61793182, 66710693, 66701422, 66655642]
2021-12-05 18:38:05,993 - DEBUG - the dijkstra route is {'end_to_end_path': [61791311, 61797438, 61790472, 61793182, 66710693, 66701422, 66655642], 'total_distance': 641.9440000000001, 'elevation_gain': 8.823, 'elevation_drop': 0.2820000000000036}
2021-12-05 18:38:06,001 - DEBUG - the a star route is {'end_to_end_path': [66655642, 66701422, 66710693, 61793182, 61790472, 61797438, 61791311], 'total_distance': 641.944, 'elevation_gain': 0.2820000000000036, 'elevation_drop': 8.823}
2021-12-05 18:38:06,001 - DEBUG - In shortest path
2021-12-05 18:38:06,001 - DEBUG - [[-72.531276, 42.385039], [-72.53249, 42.384784], [-72.5326164, 42.3847498], [-72.533451, 42.3845479], [-72.535916, 42.384037], [-72.536353, 42.385637], [-72.53706, 42.385506]]
2021-12-05 18:38:06,001 - DEBUG - shortest path {'end_to_end_path': [[-72.53706, 42.385506], [-72.536353, 42.385637], [-72.535916, 42.384037], [-72.533451, 42.3845479], [-72.5326164, 42.3847498], [-72.53249, 42.384784], [-72.531276, 42.385039]], 'total_distance': 641.9440000000001, 'elevation_gain': 8.823, 'elevation_drop': 0.2820000000000036}, elevated_path {'end_to_end_path': [[-72.531276, 42.385039], [-72.53249, 42.384784], [-72.5326164, 42.3847498], [-72.533451, 42.3845479], [-72.535916, 42.384037], [-72.536353, 42.385637], [-72.53706, 42.385506]], 'total_distance': 641.944, 'elevation_gain': 0.2820000000000036, 'elevation_drop': 8.823}
2021-12-05 18:38:06,001 - DEBUG - The elevated path is {'end_to_end_path': [[-72.531276, 42.385039], [-72.53249, 42.384784], [-72.5326164, 42.3847498], [-72.533451, 42.3845479], [-72.535916, 42.384037], [-72.536353, 42.385637], [-72.53706, 42.385506]], 'total_distance': 641.944, 'elevation_gain': 0.2820000000000036, 'elevation_drop': 8.823}
